Determining if the pthread_create exist failed with the following output:
Change Dir: /home/dian/ros_wkspace_asgn2/build/CMakeFiles/CMakeTmp

Run Build Command:"/usr/bin/make" "cmTC_6e0fd/fast"
/usr/bin/make -f CMakeFiles/cmTC_6e0fd.dir/build.make CMakeFiles/cmTC_6e0fd.dir/build
make[1]: Entering directory '/home/dian/ros_wkspace_asgn2/build/CMakeFiles/CMakeTmp'
Building C object CMakeFiles/cmTC_6e0fd.dir/CheckSymbolExists.c.o
/usr/bin/cc     -o CMakeFiles/cmTC_6e0fd.dir/CheckSymbolExists.c.o   -c /home/dian/ros_wkspace_asgn2/build/CMakeFiles/CMakeTmp/CheckSymbolExists.c
Linking C executable cmTC_6e0fd
/usr/bin/cmake -E cmake_link_script CMakeFiles/cmTC_6e0fd.dir/link.txt --verbose=1
/usr/bin/cc       CMakeFiles/cmTC_6e0fd.dir/CheckSymbolExists.c.o  -o cmTC_6e0fd -rdynamic 
CMakeFiles/cmTC_6e0fd.dir/CheckSymbolExists.c.o: In function `main':
CheckSymbolExists.c:(.text+0x16): undefined reference to `pthread_create'
collect2: error: ld returned 1 exit status
CMakeFiles/cmTC_6e0fd.dir/build.make:97: recipe for target 'cmTC_6e0fd' failed
make[1]: *** [cmTC_6e0fd] Error 1
make[1]: Leaving directory '/home/dian/ros_wkspace_asgn2/build/CMakeFiles/CMakeTmp'
Makefile:126: recipe for target 'cmTC_6e0fd/fast' failed
make: *** [cmTC_6e0fd/fast] Error 2

File /home/dian/ros_wkspace_asgn2/build/CMakeFiles/CMakeTmp/CheckSymbolExists.c:
/* */
#include <pthread.h>

int main(int argc, char** argv)
{
  (void)argv;
#ifndef pthread_create
  return ((int*)(&pthread_create))[argc];
#else
  (void)argc;
  return 0;
#endif
}

Determining if the function pthread_create exists in the pthreads failed with the following output:
Change Dir: /home/dian/ros_wkspace_asgn2/build/CMakeFiles/CMakeTmp

Run Build Command:"/usr/bin/make" "cmTC_be427/fast"
/usr/bin/make -f CMakeFiles/cmTC_be427.dir/build.make CMakeFiles/cmTC_be427.dir/build
make[1]: Entering directory '/home/dian/ros_wkspace_asgn2/build/CMakeFiles/CMakeTmp'
Building C object CMakeFiles/cmTC_be427.dir/CheckFunctionExists.c.o
/usr/bin/cc    -DCHECK_FUNCTION_EXISTS=pthread_create   -o CMakeFiles/cmTC_be427.dir/CheckFunctionExists.c.o   -c /usr/share/cmake-3.5/Modules/CheckFunctionExists.c
Linking C executable cmTC_be427
/usr/bin/cmake -E cmake_link_script CMakeFiles/cmTC_be427.dir/link.txt --verbose=1
/usr/bin/cc   -DCHECK_FUNCTION_EXISTS=pthread_create    CMakeFiles/cmTC_be427.dir/CheckFunctionExists.c.o  -o cmTC_be427 -rdynamic -lpthreads 
/usr/bin/ld: cannot find -lpthreads
collect2: error: ld returned 1 exit status
CMakeFiles/cmTC_be427.dir/build.make:97: recipe for target 'cmTC_be427' failed
make[1]: *** [cmTC_be427] Error 1
make[1]: Leaving directory '/home/dian/ros_wkspace_asgn2/build/CMakeFiles/CMakeTmp'
Makefile:126: recipe for target 'cmTC_be427/fast' failed
make: *** [cmTC_be427/fast] Error 2


