Determining if the pthread_create exist failed with the following output:
Change Dir: /home/dian/robot-learning/project1_ws/src/project1/hand_analysis-build/CMakeFiles/CMakeTmp

Run Build Command:"/usr/bin/make" "cmTC_70aca/fast"
/usr/bin/make -f CMakeFiles/cmTC_70aca.dir/build.make CMakeFiles/cmTC_70aca.dir/build
make[1]: Entering directory '/home/dian/robot-learning/project1_ws/src/project1/hand_analysis-build/CMakeFiles/CMakeTmp'
Building C object CMakeFiles/cmTC_70aca.dir/CheckSymbolExists.c.o
/usr/bin/cc     -o CMakeFiles/cmTC_70aca.dir/CheckSymbolExists.c.o   -c /home/dian/robot-learning/project1_ws/src/project1/hand_analysis-build/CMakeFiles/CMakeTmp/CheckSymbolExists.c
Linking C executable cmTC_70aca
/usr/bin/cmake -E cmake_link_script CMakeFiles/cmTC_70aca.dir/link.txt --verbose=1
/usr/bin/cc       CMakeFiles/cmTC_70aca.dir/CheckSymbolExists.c.o  -o cmTC_70aca -rdynamic 
CMakeFiles/cmTC_70aca.dir/CheckSymbolExists.c.o: In function `main':
CheckSymbolExists.c:(.text+0x16): undefined reference to `pthread_create'
collect2: error: ld returned 1 exit status
CMakeFiles/cmTC_70aca.dir/build.make:97: recipe for target 'cmTC_70aca' failed
make[1]: *** [cmTC_70aca] Error 1
make[1]: Leaving directory '/home/dian/robot-learning/project1_ws/src/project1/hand_analysis-build/CMakeFiles/CMakeTmp'
Makefile:126: recipe for target 'cmTC_70aca/fast' failed
make: *** [cmTC_70aca/fast] Error 2

File /home/dian/robot-learning/project1_ws/src/project1/hand_analysis-build/CMakeFiles/CMakeTmp/CheckSymbolExists.c:
/* */
#include <pthread.h>

int main(int argc, char** argv)
{
  (void)argv;
#ifndef pthread_create
  return ((int*)(&pthread_create))[argc];
#else
  (void)argc;
  return 0;
#endif
}

Determining if the function pthread_create exists in the pthreads failed with the following output:
Change Dir: /home/dian/robot-learning/project1_ws/src/project1/hand_analysis-build/CMakeFiles/CMakeTmp

Run Build Command:"/usr/bin/make" "cmTC_de4de/fast"
/usr/bin/make -f CMakeFiles/cmTC_de4de.dir/build.make CMakeFiles/cmTC_de4de.dir/build
make[1]: Entering directory '/home/dian/robot-learning/project1_ws/src/project1/hand_analysis-build/CMakeFiles/CMakeTmp'
Building C object CMakeFiles/cmTC_de4de.dir/CheckFunctionExists.c.o
/usr/bin/cc    -DCHECK_FUNCTION_EXISTS=pthread_create   -o CMakeFiles/cmTC_de4de.dir/CheckFunctionExists.c.o   -c /usr/share/cmake-3.5/Modules/CheckFunctionExists.c
Linking C executable cmTC_de4de
/usr/bin/cmake -E cmake_link_script CMakeFiles/cmTC_de4de.dir/link.txt --verbose=1
/usr/bin/cc   -DCHECK_FUNCTION_EXISTS=pthread_create    CMakeFiles/cmTC_de4de.dir/CheckFunctionExists.c.o  -o cmTC_de4de -rdynamic -lpthreads 
/usr/bin/ld: cannot find -lpthreads
collect2: error: ld returned 1 exit status
CMakeFiles/cmTC_de4de.dir/build.make:97: recipe for target 'cmTC_de4de' failed
make[1]: *** [cmTC_de4de] Error 1
make[1]: Leaving directory '/home/dian/robot-learning/project1_ws/src/project1/hand_analysis-build/CMakeFiles/CMakeTmp'
Makefile:126: recipe for target 'cmTC_de4de/fast' failed
make: *** [cmTC_de4de/fast] Error 2


